<?xml version="1.0" encoding="UTF-8"?>
<testng-results ignored="0" total="2" passed="2" failed="0" skipped="0">
  <reporter-output>
  </reporter-output>
  <suite started-at="2021-09-17T12:10:13 IST" name="SampleSuite2" finished-at="2021-09-17T12:10:53 IST" duration-ms="39157">
    <groups>
    </groups>
    <test started-at="2021-09-17T12:10:13 IST" name="SampleTest" finished-at="2021-09-17T12:10:31 IST" duration-ms="17288">
      <class name="com.wordpress.Pages.CrossBrowserScript">
        <test-method is-config="true" signature="setup(java.lang.String)[pri:0, instance:com.wordpress.Pages.CrossBrowserScript@7e7be63f]" started-at="2021-09-17T12:10:13 IST" name="setup" finished-at="2021-09-17T12:10:17 IST" duration-ms="3687" status="PASS">
          <params>
            <param index="0">
              <value>
                <![CDATA[Chrome]]>
              </value>
            </param>
          </params>
          <reporter-output>
          </reporter-output>
        </test-method> <!-- setup -->
        <test-method signature="testParameterWithXML()[pri:0, instance:com.wordpress.Pages.CrossBrowserScript@7e7be63f]" started-at="2021-09-17T12:10:17 IST" name="testParameterWithXML" finished-at="2021-09-17T12:10:31 IST" duration-ms="13546" status="PASS">
          <reporter-output>
          </reporter-output>
        </test-method> <!-- testParameterWithXML -->
      </class> <!-- com.wordpress.Pages.CrossBrowserScript -->
    </test> <!-- SampleTest -->
    <test started-at="2021-09-17T12:10:31 IST" name="Sample2Test" finished-at="2021-09-17T12:10:53 IST" duration-ms="21777">
      <class name="com.wordpress.Pages.CrossBrowserScript">
        <test-method is-config="true" signature="setup(java.lang.String)[pri:0, instance:com.wordpress.Pages.CrossBrowserScript@290222c1]" started-at="2021-09-17T12:10:31 IST" name="setup" finished-at="2021-09-17T12:10:36 IST" duration-ms="5272" status="PASS">
          <params>
            <param index="0">
              <value>
                <![CDATA[Firefox]]>
              </value>
            </param>
          </params>
          <reporter-output>
          </reporter-output>
        </test-method> <!-- setup -->
        <test-method signature="testParameterWithXML()[pri:0, instance:com.wordpress.Pages.CrossBrowserScript@290222c1]" started-at="2021-09-17T12:10:36 IST" name="testParameterWithXML" finished-at="2021-09-17T12:10:53 IST" duration-ms="16500" status="PASS">
          <reporter-output>
          </reporter-output>
        </test-method> <!-- testParameterWithXML -->
      </class> <!-- com.wordpress.Pages.CrossBrowserScript -->
    </test> <!-- Sample2Test -->
  </suite> <!-- SampleSuite2 -->
</testng-results>
